<?xml version="1.0" encoding="UTF-8"?>
<!-- Generated by org.testng.reporters.JUnitXMLReporter -->
<testsuite hostname="PC-02" name="Test" tests="3" failures="0" timestamp="8 Sep 2015 07:14:28 GMT" time="13.069" errors="0">
  <testcase name="enterSearch" time="0.171" classname="org.testng.Tests.VerifySearch"/>
  <testcase name="enterSearch" time="0.097" classname="org.testng.Tests.HomePage"/>
  <testcase name="verifySearch" time="1.139" classname="org.testng.Tests.VerifySearch"/>
</testsuite> <!-- Test -->
